<?xml version="1.0"?>
<testsuite name="PhantomJS 2.1.1 (Linux 0.0.0)" package="" timestamp="2017-04-25T15:23:22" id="0" hostname="oas" tests="36" errors="0" failures="31" time="0.404">
  <properties>
    <property name="browser.fullName" value="Mozilla/5.0 (Unknown; Linux x86_64) AppleWebKit/538.1 (KHTML, like Gecko) PhantomJS/2.1.1 Safari/538.1"/>
  </properties>
  <testcase name="Controller: AboutCtrl should attach a list of awesomeThings to the scope" time="0.194" classname="PhantomJS_2_1_1_(Linux_0_0_0).Controller: AboutCtrl"/>
  <testcase name="Controller: DocenteTgsRevisionDocumentoCtrl should attach a list of awesomeThings to the scope" time="0.007" classname="PhantomJS_2_1_1_(Linux_0_0_0).Controller: DocenteTgsRevisionDocumentoCtrl">
    <failure type="">TypeError: undefined is not an object (evaluating 'DocenteTgsRevisionDocumentoCtrl.awesomeThings.length') in test/spec/controllers/docente/tgs/revision_documento.js (line 9)
test/spec/controllers/docente/tgs/revision_documento.js:9:960
loaded@http://localhost:8090/context.js:151:17
</failure>
  </testcase>
  <testcase name="Controller: FormatoFormatoEdicionCtrl should attach a list of awesomeThings to the scope" time="0.005" classname="PhantomJS_2_1_1_(Linux_0_0_0).Controller: FormatoFormatoEdicionCtrl"/>
  <testcase name="Controller: FormatoEditarCtrl should attach a list of awesomeThings to the scope" time="0.006" classname="PhantomJS_2_1_1_(Linux_0_0_0).Controller: FormatoEditarCtrl">
    <failure type="">TypeError: undefined is not an object (evaluating 'FormatoEditarCtrl.awesomeThings.length') in test/spec/controllers/formato_editar.js (line 9)
test/spec/controllers/formato_editar.js:9:876
loaded@http://localhost:8090/context.js:151:17
</failure>
  </testcase>
  <testcase name="Controller: FormatoNuevoCtrl should attach a list of awesomeThings to the scope" time="0.005" classname="PhantomJS_2_1_1_(Linux_0_0_0).Controller: FormatoNuevoCtrl">
    <failure type="">TypeError: undefined is not an object (evaluating 'FormatoNuevoCtrl.awesomeThings.length') in test/spec/controllers/formato_nuevo.js (line 9)
test/spec/controllers/formato_nuevo.js:9:870
loaded@http://localhost:8090/context.js:151:17
</failure>
  </testcase>
  <testcase name="Controller: FormatoVerCtrl should attach a list of awesomeThings to the scope" time="0.004" classname="PhantomJS_2_1_1_(Linux_0_0_0).Controller: FormatoVerCtrl">
    <failure type="">TypeError: undefined is not an object (evaluating 'FormatoVerCtrl.awesomeThings.length') in test/spec/controllers/formato_ver.js (line 9)
test/spec/controllers/formato_ver.js:9:858
loaded@http://localhost:8090/context.js:151:17
</failure>
  </testcase>
  <testcase name="Controller: ConsultaPropuestaCtrl should attach a list of awesomeThings to the scope" time="0.007" classname="PhantomJS_2_1_1_(Linux_0_0_0).Controller: ConsultaPropuestaCtrl"/>
  <testcase name="Controller: PropuestaCtrl should attach a list of awesomeThings to the scope" time="0.006" classname="PhantomJS_2_1_1_(Linux_0_0_0).Controller: PropuestaCtrl">
    <failure type="">TypeError: undefined is not an object (evaluating 'PropuestaCtrl.awesomeThings.length') in test/spec/controllers/general/propuesta.js (line 9)
test/spec/controllers/general/propuesta.js:9:852
loaded@http://localhost:8090/context.js:151:17
</failure>
  </testcase>
  <testcase name="Controller: RegistrarTgCtrl should attach a list of awesomeThings to the scope" time="0.005" classname="PhantomJS_2_1_1_(Linux_0_0_0).Controller: RegistrarTgCtrl">
    <failure type="">TypeError: undefined is not an object (evaluating 'RegistrarTgCtrl.awesomeThings.length') in test/spec/controllers/general/registrar_tg.js (line 9)
test/spec/controllers/general/registrar_tg.js:9:864
loaded@http://localhost:8090/context.js:151:17
</failure>
  </testcase>
  <testcase name="Controller: MainCtrl should attach a list of awesomeThings to the scope" time="0.004" classname="PhantomJS_2_1_1_(Linux_0_0_0).Controller: MainCtrl"/>
  <testcase name="Controller: MateriasPosgradoListarSolicitudesCtrl los datos del periodo no deben estar definidos" time="0.005" classname="PhantomJS_2_1_1_(Linux_0_0_0).Controller: MateriasPosgradoListarSolicitudesCtrl"/>
  <testcase name="Controller: MateriasPosgradoPublicarAsignaturasCtrl should attach a list of awesomeThings to the scope" time="0.004" classname="PhantomJS_2_1_1_(Linux_0_0_0).Controller: MateriasPosgradoPublicarAsignaturasCtrl">
    <failure type="">TypeError: undefined is not an object (evaluating 'MateriasPosgradoPublicarAsignaturasCtrl.awesomeThings.length') in test/spec/controllers/materias_posgrado/publicar_asignaturas.js (line 9)
test/spec/controllers/materias_posgrado/publicar_asignaturas.js:9:1008
</failure>
  </testcase>
  <testcase name="Controller: MateriasPosgradoSolicitarAsignaturasCtrl should attach a list of awesomeThings to the scope" time="0.006" classname="PhantomJS_2_1_1_(Linux_0_0_0).Controller: MateriasPosgradoSolicitarAsignaturasCtrl">
    <failure type="">TypeError: undefined is not an object (evaluating 'MateriasPosgradoSolicitarAsignaturasCtrl.awesomeThings.length') in test/spec/controllers/materias_posgrado/solicitar_asignaturas.js (line 9)
test/spec/controllers/materias_posgrado/solicitar_asignaturas.js:9:1014
</failure>
  </testcase>
  <testcase name="Controller: MateriasProfundizacionListarSolicitudesCtrl should attach a list of awesomeThings to the scope" time="0.005" classname="PhantomJS_2_1_1_(Linux_0_0_0).Controller: MateriasProfundizacionListarSolicitudesCtrl">
    <failure type="">TypeError: undefined is not an object (evaluating 'MateriasProfundizacionListarSolicitudesCtrl.awesomeThings.length') in test/spec/controllers/materias_profundizacion/listar_solicitudes.js (line 9)
test/spec/controllers/materias_profundizacion/listar_solicitudes.js:9:1032
</failure>
  </testcase>
  <testcase name="Controller: MateriasProfundizacionPublicarAsignaturasCtrl should attach a list of awesomeThings to the scope" time="0.004" classname="PhantomJS_2_1_1_(Linux_0_0_0).Controller: MateriasProfundizacionPublicarAsignaturasCtrl">
    <failure type="">TypeError: undefined is not an object (evaluating 'MateriasProfundizacionPublicarAsignaturasCtrl.awesomeThings.length') in test/spec/controllers/materias_profundizacion/publicar_asignaturas.js (line 9)
test/spec/controllers/materias_profundizacion/publicar_asignaturas.js:9:1044
</failure>
  </testcase>
  <testcase name="Controller: MateriasProfundizacionSolicitarAsignaturasCtrl should attach a list of awesomeThings to the scope" time="0.014" classname="PhantomJS_2_1_1_(Linux_0_0_0).Controller: MateriasProfundizacionSolicitarAsignaturasCtrl">
    <failure type="">TypeError: undefined is not an object (evaluating 'MateriasProfundizacionSolicitarAsignaturasCtrl.awesomeThings.length') in test/spec/controllers/materias_profundizacion/solicitar_asignaturas.js (line 9)
test/spec/controllers/materias_profundizacion/solicitar_asignaturas.js:9:1050
</failure>
  </testcase>
  <testcase name="Controller: AreasDocenteCtrl should attach a list of awesomeThings to the scope" time="0.005" classname="PhantomJS_2_1_1_(Linux_0_0_0).Controller: AreasDocenteCtrl">
    <failure type="">TypeError: undefined is not an object (evaluating 'AreasDocenteCtrl.awesomeThings.length') in test/spec/controllers/perfil_docente/areas_docente.js (line 9)
test/spec/controllers/perfil_docente/areas_docente.js:9:870
</failure>
  </testcase>
  <testcase name="Directive: asignarArea should make hidden element visible" time="0.009" classname="PhantomJS_2_1_1_(Linux_0_0_0).Directive: asignarArea">
    <failure type="">Expected '' to be 'this is the asignarArea directive'.
test/spec/directives/areas/asignar_area.js:9:890
invoke@bower_components/angular/angular.js:5003:24
WorkFn@bower_components/angular-mocks/angular-mocks.js:3171:26
</failure>
  </testcase>
  <testcase name="Directive: crearArea should make hidden element visible" time="0.008" classname="PhantomJS_2_1_1_(Linux_0_0_0).Directive: crearArea">
    <failure type="">Expected '' to be 'this is the crearArea directive'.
test/spec/directives/areas/crear_area.js:9:882
invoke@bower_components/angular/angular.js:5003:24
WorkFn@bower_components/angular-mocks/angular-mocks.js:3171:26
</failure>
  </testcase>
  <testcase name="Directive: mostrarArea should make hidden element visible" time="0.006" classname="PhantomJS_2_1_1_(Linux_0_0_0).Directive: mostrarArea">
    <failure type="">Expected '' to be 'this is the mostrarArea directive'.
test/spec/directives/areas/mostrar_area.js:9:890
invoke@bower_components/angular/angular.js:5003:24
WorkFn@bower_components/angular-mocks/angular-mocks.js:3171:26
</failure>
  </testcase>
  <testcase name="Directive: documento/revisionDocumento should make hidden element visible" time="0.006" classname="PhantomJS_2_1_1_(Linux_0_0_0).Directive: documento/revisionDocumento">
    <failure type="">Expected '' to be 'this is the documento/revisionDocumento directive'.
test/spec/directives/documento/revision_documento.js:9:954
invoke@bower_components/angular/angular.js:5003:24
WorkFn@bower_components/angular-mocks/angular-mocks.js:3171:26
</failure>
  </testcase>
  <testcase name="Directive: documento/verDocumento should make hidden element visible" time="0.004" classname="PhantomJS_2_1_1_(Linux_0_0_0).Directive: documento/verDocumento">
    <failure type="">Expected '' to be 'this is the documento/verDocumento directive'.
test/spec/directives/documento/ver_documento.js:9:934
invoke@bower_components/angular/angular.js:5003:24
WorkFn@bower_components/angular-mocks/angular-mocks.js:3171:26
</failure>
  </testcase>
  <testcase name="Directive: documento/verRevision should make hidden element visible" time="0.005" classname="PhantomJS_2_1_1_(Linux_0_0_0).Directive: documento/verRevision">
    <failure type="">Expected '' to be 'this is the documento/verRevision directive'.
test/spec/directives/documento/ver_revision.js:9:930
invoke@bower_components/angular/angular.js:5003:24
WorkFn@bower_components/angular-mocks/angular-mocks.js:3171:26
</failure>
  </testcase>
  <testcase name="Directive: formatoVistaPrevia should make hidden element visible" time="0.005" classname="PhantomJS_2_1_1_(Linux_0_0_0).Directive: formatoVistaPrevia">
    <failure type="">Expected '' to be 'this is the formatoVistaPrevia directive'.
test/spec/directives/formato_vista_previa.js:9:920
invoke@bower_components/angular/angular.js:5003:24
WorkFn@bower_components/angular-mocks/angular-mocks.js:3171:26
</failure>
  </testcase>
  <testcase name="Directive: subirDocumento should make hidden element visible" time="0.004" classname="PhantomJS_2_1_1_(Linux_0_0_0).Directive: subirDocumento">
    <failure type="">Expected '' to be 'this is the subirDocumento directive'.
test/spec/directives/general/documento/subirdocumento.js:9:902
invoke@bower_components/angular/angular.js:5003:24
WorkFn@bower_components/angular-mocks/angular-mocks.js:3171:26
</failure>
  </testcase>
  <testcase name="Directive: consultarPropuesta should make hidden element visible" time="0.007" classname="PhantomJS_2_1_1_(Linux_0_0_0).Directive: consultarPropuesta">
    <failure type="">Expected '' to be 'this is the consultarPropuesta directive'.
test/spec/directives/general/propuesta/consultarpropuesta.js:9:918
invoke@bower_components/angular/angular.js:5003:24
WorkFn@bower_components/angular-mocks/angular-mocks.js:3171:26
</failure>
  </testcase>
  <testcase name="Directive: registrarPropuesta should make hidden element visible" time="0.005" classname="PhantomJS_2_1_1_(Linux_0_0_0).Directive: registrarPropuesta">
    <failure type="">Expected '' to be 'this is the registrarPropuesta directive'.
test/spec/directives/general/propuesta/registrarpropuesta.js:9:918
invoke@bower_components/angular/angular.js:5003:24
WorkFn@bower_components/angular-mocks/angular-mocks.js:3171:26
</failure>
  </testcase>
  <testcase name="Directive: registrarTrabajoGrado should make hidden element visible" time="0.007" classname="PhantomJS_2_1_1_(Linux_0_0_0).Directive: registrarTrabajoGrado">
    <failure type="">Expected '' to be 'this is the registrarTrabajoGrado directive'.
test/spec/directives/general/tg/registrartrabajogrado.js:9:932
invoke@bower_components/angular/angular.js:5003:24
WorkFn@bower_components/angular-mocks/angular-mocks.js:3171:26
</failure>
  </testcase>
  <testcase name="Directive: materias/consultarSolicitudes should make hidden element visible" time="0.005" classname="PhantomJS_2_1_1_(Linux_0_0_0).Directive: materias/consultarSolicitudes">
    <failure type="">Expected '' to be 'this is the materias/consultarSolicitudes directive'.
test/spec/directives/materias/consultar_solicitudes.js:9:962
invoke@bower_components/angular/angular.js:5003:24
WorkFn@bower_components/angular-mocks/angular-mocks.js:3171:26
</failure>
  </testcase>
  <testcase name="Directive: materias/publicarAsignaturas should make hidden element visible" time="0.014" classname="PhantomJS_2_1_1_(Linux_0_0_0).Directive: materias/publicarAsignaturas">
    <failure type="">Expected '' to be 'this is the materias/publicarAsignaturas directive'.
test/spec/directives/materias/publicar_asignaturas.js:9:958
invoke@bower_components/angular/angular.js:5003:24
WorkFn@bower_components/angular-mocks/angular-mocks.js:3171:26
</failure>
  </testcase>
  <testcase name="Directive: materias/solicitarAsignaturas should make hidden element visible" time="0.007" classname="PhantomJS_2_1_1_(Linux_0_0_0).Directive: materias/solicitarAsignaturas">
    <failure type="">Expected '' to be 'this is the materias/solicitarAsignaturas directive'.
test/spec/directives/materias/solicitar_asignaturas.js:9:962
invoke@bower_components/angular/angular.js:5003:24
WorkFn@bower_components/angular-mocks/angular-mocks.js:3171:26
</failure>
  </testcase>
  <testcase name="Directive: pdfgen should make hidden element visible" time="0.005" classname="PhantomJS_2_1_1_(Linux_0_0_0).Directive: pdfgen">
    <failure type="">Expected '' to be 'this is the pdfgen directive'.
test/spec/directives/pdfgen.js:9:868
invoke@bower_components/angular/angular.js:5003:24
WorkFn@bower_components/angular-mocks/angular-mocks.js:3171:26
</failure>
  </testcase>
  <testcase name="Service: academicaService should do something" time="0.005" classname="PhantomJS_2_1_1_(Linux_0_0_0).Service: academicaService">
    <failure type="">Error: [$injector:unpr] Unknown provider: academicaServiceProvider &lt;- academicaService
http://errors.angularjs.org/1.6.3/$injector/unpr?p0=academicaServiceProvider%20%3C-%20academicaService (line 4789)
bower_components/angular/angular.js:4789:86
getService@bower_components/angular/angular.js:4944:39
bower_components/angular/angular.js:4794:48
getService@bower_components/angular/angular.js:4944:39
injectionArgs@bower_components/angular/angular.js:4969:68
invoke@bower_components/angular/angular.js:4995:31
WorkFn@bower_components/angular-mocks/angular-mocks.js:3171:26
inject@bower_components/angular-mocks/angular-mocks.js:3138:28
test/spec/services/academica_service.js:9:315
global code@test/spec/services/academica_service.js:9:47
</failure>
    <failure type="">Expected false to be true.
test/spec/services/academica_service.js:9:727
</failure>
  </testcase>
  <testcase name="Service: cadenaService should do something" time="0.005" classname="PhantomJS_2_1_1_(Linux_0_0_0).Service: cadenaService">
    <failure type="">Error: [$injector:unpr] Unknown provider: cadenaServiceProvider &lt;- cadenaService
http://errors.angularjs.org/1.6.3/$injector/unpr?p0=cadenaServiceProvider%20%3C-%20cadenaService (line 4789)
bower_components/angular/angular.js:4789:86
getService@bower_components/angular/angular.js:4944:39
bower_components/angular/angular.js:4794:48
getService@bower_components/angular/angular.js:4944:39
injectionArgs@bower_components/angular/angular.js:4969:68
invoke@bower_components/angular/angular.js:4995:31
WorkFn@bower_components/angular-mocks/angular-mocks.js:3171:26
inject@bower_components/angular-mocks/angular-mocks.js:3138:28
test/spec/services/cadena_service.js:9:309
global code@test/spec/services/cadena_service.js:9:47
</failure>
    <failure type="">Expected false to be true.
test/spec/services/cadena_service.js:9:706
</failure>
  </testcase>
  <testcase name="Service: poluxMidService should do something" time="0.005" classname="PhantomJS_2_1_1_(Linux_0_0_0).Service: poluxMidService">
    <failure type="">Error: [$injector:unpr] Unknown provider: poluxMidServiceProvider &lt;- poluxMidService
http://errors.angularjs.org/1.6.3/$injector/unpr?p0=poluxMidServiceProvider%20%3C-%20poluxMidService (line 4789)
bower_components/angular/angular.js:4789:86
getService@bower_components/angular/angular.js:4944:39
bower_components/angular/angular.js:4794:48
getService@bower_components/angular/angular.js:4944:39
injectionArgs@bower_components/angular/angular.js:4969:68
invoke@bower_components/angular/angular.js:4995:31
WorkFn@bower_components/angular-mocks/angular-mocks.js:3171:26
inject@bower_components/angular-mocks/angular-mocks.js:3138:28
test/spec/services/polux_mid_service.js:9:313
global code@test/spec/services/polux_mid_service.js:9:47
</failure>
    <failure type="">Expected false to be true.
test/spec/services/polux_mid_service.js:9:720
</failure>
  </testcase>
  <testcase name="Service: poluxService should do something" time="0.006" classname="PhantomJS_2_1_1_(Linux_0_0_0).Service: poluxService">
    <failure type="">Error: [$injector:unpr] Unknown provider: poluxServiceProvider &lt;- poluxService
http://errors.angularjs.org/1.6.3/$injector/unpr?p0=poluxServiceProvider%20%3C-%20poluxService (line 4789)
bower_components/angular/angular.js:4789:86
getService@bower_components/angular/angular.js:4944:39
bower_components/angular/angular.js:4794:48
getService@bower_components/angular/angular.js:4944:39
injectionArgs@bower_components/angular/angular.js:4969:68
invoke@bower_components/angular/angular.js:4995:31
WorkFn@bower_components/angular-mocks/angular-mocks.js:3171:26
inject@bower_components/angular-mocks/angular-mocks.js:3138:28
test/spec/services/polux_service.js:9:307
global code@test/spec/services/polux_service.js:9:47
</failure>
    <failure type="">Expected false to be true.
test/spec/services/polux_service.js:9:699
</failure>
  </testcase>
  <system-out>
    <![CDATA[
]]>
  </system-out>
  <system-err/>
</testsuite>