<?xml version="1.0"?>
<testsuite name="PhantomJS 2.1.1 (Windows 8 0.0.0)" package="" timestamp="2017-03-30T16:28:12" id="0" hostname="DMORALES" tests="3" errors="1" failures="3" time="0.343">
  <properties>
    <property name="browser.fullName" value="Mozilla/5.0 (Windows NT 6.2; WOW64) AppleWebKit/538.1 (KHTML, like Gecko) PhantomJS/2.1.1 Safari/538.1"/>
  </properties>
  <testcase name="Controller: MateriasPosgradoListarSolicitudesCtrl debería mostrar el año correcto" time="0.321" classname="PhantomJS_2_1_1_(Windows_8_0_0_0).Controller: MateriasPosgradoListarSolicitudesCtrl">
    <failure type="">Error: Unexpected request: GET http://10.20.0.127/polux/index.php?data=sj7574MlJOsg4LjjeAOJP5CBi1dRh84M-gX_Z-i_0On4uKrtXAvwZ0V0Rn0jx7a9DpWV8USQg0uH8PEHS9mgJw
No more request expected in bower_components/angular-mocks/angular-mocks.js (line 1442)
$httpBackend@bower_components/angular-mocks/angular-mocks.js:1442:90
sendReq@bower_components/angular/angular.js:12323:21
serverRequest@bower_components/angular/angular.js:12075:23
processQueue@bower_components/angular/angular.js:16843:39
bower_components/angular/angular.js:16887:39
$digest@bower_components/angular/angular.js:17982:17
flush@bower_components/angular-mocks/angular-mocks.js:1834:45
test/spec/controllers/materias_posgrado/listar_solicitudes.js:9:1248
loaded@http://localhost:8090/context.js:151:17
</failure>
  </testcase>
  <testcase name="Controller: MateriasPosgradoListarSolicitudesCtrl debería mostrar el periodo correcto" time="0.012" classname="PhantomJS_2_1_1_(Windows_8_0_0_0).Controller: MateriasPosgradoListarSolicitudesCtrl">
    <failure type="">Expected [  ] to equal 1.
test/spec/controllers/materias_posgrado/listar_solicitudes.js:9:3510
loaded@http://localhost:8090/context.js:151:17
</failure>
  </testcase>
  <testcase name="Controller: MateriasProfundizacionListarSolicitudesCtrl should attach a list of awesomeThings to the scope" time="0.01" classname="PhantomJS_2_1_1_(Windows_8_0_0_0).Controller: MateriasProfundizacionListarSolicitudesCtrl">
    <failure type="">TypeError: undefined is not an object (evaluating 'MateriasProfundizacionListarSolicitudesCtrl.awesomeThings.length') in test/spec/controllers/materias_profundizacion/listar_solicitudes.js (line 9)
test/spec/controllers/materias_profundizacion/listar_solicitudes.js:9:1032
loaded@http://localhost:8090/context.js:151:17
</failure>
  </testcase>
  <system-out>
    <![CDATA[
]]>
  </system-out>
  <system-err/>
</testsuite>